INFO (06/06/2025 05:42:08 AM): User eventsync.superadmin@dorsu.edu.ph logged in successfully (Line: 66 [auth.py])
INFO (06/06/2025 05:44:05 AM): User eventsync.superadmin@dorsu.edu.ph logged in successfully (Line: 66 [auth.py])
INFO (06/06/2025 05:46:57 AM): User eventsync.superadmin@dorsu.edu.ph logged in successfully (Line: 66 [auth.py])
INFO (06/06/2025 05:48:02 AM): User eventsync.superadmin@dorsu.edu.ph logged in successfully (Line: 66 [auth.py])
INFO (06/06/2025 06:13:52 AM): User eventsync.superadmin@dorsu.edu.ph logged in successfully (Line: 66 [auth.py])
INFO (06/06/2025 06:17:36 AM): User eventsync.superadmin@dorsu.edu.ph logged in successfully (Line: 66 [auth.py])
INFO (06/06/2025 06:20:53 AM): User eventsync.superadmin@dorsu.edu.ph logged in successfully (Line: 66 [auth.py])
INFO (06/06/2025 06:22:08 AM): User eventsync.superadmin@dorsu.edu.ph logged in successfully (Line: 66 [auth.py])
INFO (06/06/2025 06:25:37 AM): User eventsync.superadmin@dorsu.edu.ph logged in successfully (Line: 66 [auth.py])
INFO (06/06/2025 06:26:15 AM): User eventsync.superadmin@dorsu.edu.ph logged in successfully (Line: 66 [auth.py])
INFO (06/06/2025 06:28:05 AM): User eventsync.superadmin@dorsu.edu.ph logged in successfully (Line: 66 [auth.py])
INFO (06/06/2025 06:32:25 AM): User eventsync.superadmin@dorsu.edu.ph logged in successfully (Line: 66 [auth.py])
INFO (06/06/2025 06:38:39 AM): User eventsync.superadmin@dorsu.edu.ph logged in successfully (Line: 66 [auth.py])
INFO (06/06/2025 06:39:48 AM): User eventsync.superadmin@dorsu.edu.ph logged in successfully (Line: 66 [auth.py])
INFO (06/06/2025 06:44:38 AM): User eventsync.superadmin@dorsu.edu.ph logged in successfully (Line: 66 [auth.py])
INFO (06/06/2025 06:57:03 AM): User eventsync.superadmin@dorsu.edu.ph logged in successfully (Line: 66 [auth.py])
INFO (06/06/2025 06:59:03 AM): User eventsync.superadmin@dorsu.edu.ph logged in successfully (Line: 66 [auth.py])
INFO (06/06/2025 07:16:30 AM): User eventsync.superadmin@dorsu.edu.ph logged in successfully (Line: 66 [auth.py])
INFO (06/06/2025 07:17:25 AM): User eventsync.superadmin@dorsu.edu.ph logged in successfully (Line: 66 [auth.py])
INFO (06/06/2025 07:18:39 AM): User eventsync.superadmin@dorsu.edu.ph logged in successfully (Line: 66 [auth.py])
INFO (06/06/2025 09:21:50 AM): User eventsync.superadmin@dorsu.edu.ph logged in successfully (Line: 66 [auth.py])
INFO (06/06/2025 02:12:25 PM): User eventsync.superadmin@dorsu.edu.ph logged in successfully (Line: 66 [auth.py])
ERROR (06/06/2025 02:29:52 PM): Unexpected error in retrieving users: 'User' object has no attribute 'username' (Line: 46 [views.py])
ERROR (06/06/2025 02:31:22 PM): Unexpected error in retrieving users: 'User' object has no attribute 'username' (Line: 46 [views.py])
ERROR (06/06/2025 02:31:38 PM): Unexpected error in retrieving users: 'User' object has no attribute 'username' (Line: 46 [views.py])
INFO (07/06/2025 08:10:41 AM): User eventsync.superadmin@dorsu.edu.ph logged in successfully (Line: 66 [auth.py])
INFO (07/06/2025 08:12:09 AM): User eventsync.superadmin@dorsu.edu.ph logged in successfully (Line: 66 [auth.py])
INFO (07/06/2025 11:07:46 AM): User eventsync.superadmin@dorsu.edu.ph logged in successfully (Line: 66 [auth.py])
INFO (07/06/2025 11:08:24 AM): User eventsync.superadmin@dorsu.edu.ph logged in successfully (Line: 66 [auth.py])
INFO (07/06/2025 11:11:50 AM): User eventsync.superadmin@dorsu.edu.ph logged in successfully (Line: 66 [auth.py])
INFO (07/06/2025 01:25:24 PM): User eventsync.superadmin@dorsu.edu.ph logged in successfully (Line: 66 [auth.py])
INFO (07/06/2025 02:17:37 PM): User eventsync.superadmin@dorsu.edu.ph logged in successfully (Line: 66 [auth.py])
INFO (07/06/2025 02:20:47 PM): Sending OTP email to reyajero22@gmail.com (Line: 13 [send_email.py])
ERROR (07/06/2025 02:22:53 PM): User already exists! (Line: 112 [auth.py])
INFO (07/06/2025 02:24:37 PM): Sending OTP email to reyajero22@gmail.com (Line: 13 [send_email.py])
INFO (07/06/2025 02:25:09 PM): User reyajero22@gmail.com verified successfully (Line: 232 [auth.py])
INFO (07/06/2025 02:25:35 PM): User eventsync.superadmin@dorsu.edu.ph logged in successfully (Line: 66 [auth.py])
INFO (07/06/2025 02:41:14 PM): Sending OTP email to lynlo2417@gmail.com (Line: 13 [send_email.py])
INFO (07/06/2025 02:42:11 PM): User lynlo2417@gmail.com verified successfully (Line: 232 [auth.py])
INFO (07/06/2025 02:42:41 PM): User eventsync.superadmin@dorsu.edu.ph logged in successfully (Line: 66 [auth.py])
INFO (07/06/2025 02:58:15 PM): User eventsync.superadmin@dorsu.edu.ph logged in successfully (Line: 66 [auth.py])
INFO (07/06/2025 04:04:07 PM): User eventsync.superadmin@dorsu.edu.ph logged in successfully (Line: 66 [auth.py])
INFO (07/06/2025 04:14:55 PM): User eventsync.superadmin@dorsu.edu.ph logged in successfully (Line: 66 [auth.py])
INFO (07/06/2025 04:17:45 PM): Sending OTP email to ivandawang@gmail.com (Line: 13 [send_email.py])
INFO (07/06/2025 04:17:52 PM): Sending OTP email to ivandawang@gmail.com (Line: 13 [send_email.py])
INFO (07/06/2025 04:18:10 PM): Sending OTP email to ivandawang@gmail.com (Line: 13 [send_email.py])
INFO (07/06/2025 04:19:12 PM): User eventsync.superadmin@dorsu.edu.ph logged in successfully (Line: 66 [auth.py])
INFO (07/06/2025 04:41:09 PM): User eventsync.superadmin@dorsu.edu.ph logged in successfully (Line: 66 [auth.py])
INFO (07/06/2025 04:47:05 PM): User eventsync.superadmin@dorsu.edu.ph logged in successfully (Line: 66 [auth.py])
INFO (07/06/2025 04:57:14 PM): User eventsync.superadmin@dorsu.edu.ph logged in successfully (Line: 66 [auth.py])
INFO (07/06/2025 05:00:21 PM): User eventsync.superadmin@dorsu.edu.ph logged in successfully (Line: 66 [auth.py])
INFO (07/06/2025 05:01:05 PM): User eventsync.superadmin@dorsu.edu.ph logged in successfully (Line: 66 [auth.py])
INFO (07/06/2025 07:11:59 PM): User eventsync.superadmin@dorsu.edu.ph logged in successfully (Line: 66 [auth.py])
INFO (07/06/2025 07:40:43 PM): User eventsync.superadmin@dorsu.edu.ph logged in successfully (Line: 66 [auth.py])
INFO (07/06/2025 08:46:06 PM): User eventsync.superadmin@dorsu.edu.ph logged in successfully (Line: 66 [auth.py])
ERROR (07/06/2025 08:46:13 PM): Unexpected error in changing user privilege: 'NoneType' object has no attribute 'privilege' (Line: 79 [views.py])
INFO (07/06/2025 08:47:43 PM): User eventsync.superadmin@dorsu.edu.ph logged in successfully (Line: 66 [auth.py])
INFO (07/06/2025 08:49:44 PM): User eventsync.superadmin@dorsu.edu.ph logged in successfully (Line: 66 [auth.py])
INFO (08/06/2025 06:14:09 AM): User eventsync.superadmin@dorsu.edu.ph logged in successfully (Line: 66 [auth.py])
ERROR (08/06/2025 06:16:30 AM): Unexpected error in forgot password: Could not build url for endpoint 'auth.reset_password' with values ['token']. Did you mean 'auth.forgot_password' instead? (Line: 289 [auth.py])
ERROR (08/06/2025 06:16:40 AM): Unexpected error in forgot password: Could not build url for endpoint 'auth.reset_password' with values ['token']. Did you mean 'auth.forgot_password' instead? (Line: 289 [auth.py])
ERROR (08/06/2025 06:16:47 AM): Unexpected error in forgot password: Could not build url for endpoint 'auth.reset_password' with values ['token']. Did you mean 'auth.forgot_password' instead? (Line: 289 [auth.py])
ERROR (08/06/2025 06:18:04 AM): Unexpected error in forgot password: Could not build url for endpoint 'auth.reset_password' with values ['token']. Did you mean 'auth.forgot_password' instead? (Line: 289 [auth.py])
ERROR (08/06/2025 09:46:50 AM): Database error in forgot password: (pymysql.err.OperationalError) (1054, "Unknown column 'user.last_password_reset_request' in 'field list'")
[SQL: SELECT user.id AS user_id, user.email AS user_email, user.password AS user_password, user.fname AS user_fname, user.lname AS user_lname, user._id AS user__id, user.privilege AS user_privilege, user.faculty AS user_faculty, user.program AS user_program, user.is_verified AS user_is_verified, user.last_password_reset_request AS user_last_password_reset_request, user.failed_attempts AS user_failed_attempts, user.locked_until AS user_locked_until 
FROM user 
WHERE user.email = %(email_1)s 
 LIMIT %(param_1)s]
[parameters: {'email_1': 'ivandawang', 'param_1': 1}]
(Background on this error at: https://sqlalche.me/e/20/e3q8) (Line: 285 [auth.py])
ERROR (08/06/2025 09:46:52 AM): Database error in forgot password: (pymysql.err.OperationalError) (1054, "Unknown column 'user.last_password_reset_request' in 'field list'")
[SQL: SELECT user.id AS user_id, user.email AS user_email, user.password AS user_password, user.fname AS user_fname, user.lname AS user_lname, user._id AS user__id, user.privilege AS user_privilege, user.faculty AS user_faculty, user.program AS user_program, user.is_verified AS user_is_verified, user.last_password_reset_request AS user_last_password_reset_request, user.failed_attempts AS user_failed_attempts, user.locked_until AS user_locked_until 
FROM user 
WHERE user.email = %(email_1)s 
 LIMIT %(param_1)s]
[parameters: {'email_1': 'ivandawang', 'param_1': 1}]
(Background on this error at: https://sqlalche.me/e/20/e3q8) (Line: 285 [auth.py])
INFO (08/06/2025 01:14:25 PM): User eventsync.superadmin@dorsu.edu.ph logged in successfully (Line: 66 [auth.py])
INFO (08/06/2025 01:14:57 PM): User ivandawang011@gmail.com logged in successfully (Line: 66 [auth.py])
INFO (08/06/2025 01:20:06 PM): User eventsync.superadmin@dorsu.edu.ph logged in successfully (Line: 66 [auth.py])
INFO (08/06/2025 01:20:32 PM): User ivandawang011@gmail.com logged in successfully (Line: 66 [auth.py])
INFO (08/06/2025 01:31:59 PM): User eventsync.superadmin@dorsu.edu.ph logged in successfully (Line: 66 [auth.py])
INFO (08/06/2025 01:33:00 PM): User ivandawang011@gmail.com logged in successfully (Line: 66 [auth.py])
INFO (08/06/2025 02:26:36 PM): User eventsync.superadmin@dorsu.edu.ph logged in successfully (Line: 66 [auth.py])
INFO (08/06/2025 02:27:03 PM): User ivandawang011@gmail.com logged in successfully (Line: 66 [auth.py])
INFO (08/06/2025 02:41:19 PM): User ivandawang011@gmail.com logged in successfully (Line: 66 [auth.py])
INFO (08/06/2025 02:44:26 PM): User ivandawang011@gmail.com logged in successfully (Line: 66 [auth.py])
INFO (08/06/2025 02:49:04 PM): User ivandawang011@gmail.com logged in successfully (Line: 66 [auth.py])
INFO (08/06/2025 03:05:26 PM): User ivandawang011@gmail.com logged in successfully (Line: 66 [auth.py])
INFO (08/06/2025 03:11:30 PM): User ivandawang011@gmail.com logged in successfully (Line: 66 [auth.py])
INFO (08/06/2025 04:09:53 PM): User ivandawang011@gmail.com logged in successfully (Line: 66 [auth.py])
INFO (08/06/2025 04:11:08 PM): User ivandawang011@gmail.com logged in successfully (Line: 66 [auth.py])
INFO (08/06/2025 04:32:26 PM): User reyajero22@gmail.com logged in successfully (Line: 66 [auth.py])
INFO (08/06/2025 06:32:12 PM): Sending OTP email to dorsu.dawangivan@gmail.com (Line: 13 [send_email.py])
INFO (08/06/2025 06:33:01 PM): User ivandawang011@gmail.com logged in successfully (Line: 66 [auth.py])
INFO (08/06/2025 06:36:55 PM): User eventsync.superadmin@dorsu.edu.ph logged in successfully (Line: 66 [auth.py])
INFO (08/06/2025 06:40:13 PM): User reyajero22@gmail.com logged in successfully (Line: 66 [auth.py])
INFO (08/06/2025 06:47:48 PM): Sending OTP email to ivandawang011@gmail.com (Line: 13 [send_email.py])
INFO (08/06/2025 07:03:58 PM): User eventsync.superadmin@dorsu.edu.ph logged in successfully (Line: 66 [auth.py])
INFO (08/06/2025 08:27:35 PM): User eventsync.superadmin@dorsu.edu.ph logged in successfully (Line: 66 [auth.py])
INFO (08/06/2025 08:28:10 PM): User reyajero22@gmail.com logged in successfully (Line: 66 [auth.py])
INFO (09/06/2025 05:34:26 AM): User reyajero22@gmail.com logged in successfully (Line: 66 [auth.py])
INFO (09/06/2025 05:59:23 AM): Admin eventsync.superadmin@dorsu.edu.ph created successfully (Line: 111 [__init__.py])
INFO (09/06/2025 06:00:58 AM): User eventsync.superadmin@dorsu.edu.ph logged in successfully (Line: 66 [auth.py])
INFO (09/06/2025 06:42:26 AM): Sending OTP email to ivandawang011@gmail.com (Line: 13 [send_email.py])
INFO (09/06/2025 06:43:10 AM): User ivandawang011@gmail.com verified successfully (Line: 232 [auth.py])
INFO (09/06/2025 06:43:27 AM): User eventsync.superadmin@dorsu.edu.ph logged in successfully (Line: 66 [auth.py])
INFO (09/06/2025 06:44:00 AM): User ivandawang011@gmail.com logged in successfully (Line: 66 [auth.py])
INFO (09/06/2025 08:16:27 AM): User ivandawang011@gmail.com logged in successfully (Line: 66 [auth.py])
INFO (09/06/2025 09:16:52 AM): User ivandawang011@gmail.com logged in successfully (Line: 66 [auth.py])
INFO (09/06/2025 10:17:35 AM): User ivandawang011@gmail.com logged in successfully (Line: 66 [auth.py])
ERROR (09/06/2025 10:17:36 AM): Database error while retrieving events: (pymysql.err.OperationalError) (1054, "Unknown column 'event.title' in 'field list'")
[SQL: SELECT event.id AS event_id, event.title AS event_title, event.description AS event_description, event.start_date AS event_start_date, event.end_date AS event_end_date, event.created_at AS event_created_at, event.start_time AS event_start_time, event.end_time AS event_end_time, event.user_id AS event_user_id 
FROM event INNER JOIN user ON user.id = event.user_id 
WHERE user.program = %(program_1)s AND user.faculty = %(faculty_1)s]
[parameters: {'program_1': 'BS Information Technology', 'faculty_1': 'FaCET'}]
(Background on this error at: https://sqlalche.me/e/20/e3q8) (Line: 142 [views.py])
ERROR (09/06/2025 10:19:18 AM): Database error while retrieving events: (pymysql.err.OperationalError) (1054, "Unknown column 'event.title' in 'field list'")
[SQL: SELECT event.id AS event_id, event.title AS event_title, event.description AS event_description, event.start_date AS event_start_date, event.end_date AS event_end_date, event.created_at AS event_created_at, event.start_time AS event_start_time, event.end_time AS event_end_time, event.user_id AS event_user_id 
FROM event INNER JOIN user ON user.id = event.user_id 
WHERE user.program = %(program_1)s AND user.faculty = %(faculty_1)s]
[parameters: {'program_1': 'BS Information Technology', 'faculty_1': 'FaCET'}]
(Background on this error at: https://sqlalche.me/e/20/e3q8) (Line: 144 [views.py])
ERROR (09/06/2025 10:20:54 AM): Database error while retrieving events: (pymysql.err.OperationalError) (1054, "Unknown column 'event.title' in 'field list'")
[SQL: SELECT event.id AS event_id, event.title AS event_title, event.description AS event_description, event.start_date AS event_start_date, event.end_date AS event_end_date, event.created_at AS event_created_at, event.start_time AS event_start_time, event.end_time AS event_end_time, event.user_id AS event_user_id 
FROM event INNER JOIN user ON user.id = event.user_id 
WHERE user.program = %(program_1)s AND user.faculty = %(faculty_1)s]
[parameters: {'program_1': 'BS Information Technology', 'faculty_1': 'FaCET'}]
(Background on this error at: https://sqlalche.me/e/20/e3q8) (Line: 144 [views.py])
INFO (09/06/2025 10:22:06 AM): Admin eventsync.superadmin@dorsu.edu.ph created successfully (Line: 111 [__init__.py])
INFO (09/06/2025 10:23:20 AM): Sending OTP email to ivandawang011@gmail.com (Line: 13 [send_email.py])
INFO (09/06/2025 10:23:55 AM): User ivandawang011@gmail.com verified successfully (Line: 232 [auth.py])
INFO (09/06/2025 10:24:11 AM): User eventsync.superadmin@dorsu.edu.ph logged in successfully (Line: 66 [auth.py])
INFO (09/06/2025 10:24:36 AM): User ivandawang011@gmail.com logged in successfully (Line: 66 [auth.py])
ERROR (09/06/2025 10:34:35 AM): Error creating event: (pymysql.err.OperationalError) (1292, "Incorrect datetime value: '12:25:00' for column 'end_time' at row 1")
[SQL: INSERT INTO event (title, description, start_date, end_date, start_time, end_time, user_id) VALUES (%(title)s, %(description)s, %(start_date)s, %(end_date)s, %(start_time)s, %(end_time)s, %(user_id)s)]
[parameters: {'title': 'Siglakas', 'description': 'Sample Subject', 'start_date': '2025-06-09T00:00:00', 'end_date': '2025-06-12T00:00:00', 'start_time': '00:00:00', 'end_time': '12:25:00', 'user_id': '2'}]
(Background on this error at: https://sqlalche.me/e/20/e3q8) (Line: 108 [views.py])
ERROR (09/06/2025 10:36:17 AM): Error creating event: (pymysql.err.OperationalError) (1292, "Incorrect datetime value: '12:00:00' for column 'end_time' at row 1")
[SQL: INSERT INTO event (title, description, start_date, end_date, start_time, end_time, user_id) VALUES (%(title)s, %(description)s, %(start_date)s, %(end_date)s, %(start_time)s, %(end_time)s, %(user_id)s)]
[parameters: {'title': 'Siglakas', 'description': 'Sample Subject', 'start_date': '2025-06-10T00:00:00', 'end_date': '2025-06-12T00:00:00', 'start_time': '00:00:00', 'end_time': '12:00:00', 'user_id': '2'}]
(Background on this error at: https://sqlalche.me/e/20/e3q8) (Line: 108 [views.py])
INFO (09/06/2025 10:41:15 AM): Admin eventsync.superadmin@dorsu.edu.ph created successfully (Line: 111 [__init__.py])
INFO (09/06/2025 10:42:04 AM): Sending OTP email to ivandawang011@gmail.com (Line: 13 [send_email.py])
INFO (09/06/2025 10:42:27 AM): User ivandawang011@gmail.com verified successfully (Line: 232 [auth.py])
INFO (09/06/2025 10:42:53 AM): User eventsync.superadmin@dorsu.edu.ph logged in successfully (Line: 66 [auth.py])
INFO (09/06/2025 10:43:24 AM): User ivandawang011@gmail.com logged in successfully (Line: 66 [auth.py])
ERROR (09/06/2025 10:54:53 AM): Invalid user data: type object 'Event' has no attribute 'program' (Line: 145 [views.py])
INFO (09/06/2025 11:56:06 AM): User ivandawang011@gmail.com logged in successfully (Line: 66 [auth.py])
INFO (09/06/2025 01:21:50 PM): User ivandawang011@gmail.com logged in successfully (Line: 66 [auth.py])
INFO (09/06/2025 01:56:54 PM): User ivandawang011@gmail.com logged in successfully (Line: 66 [auth.py])
